Defaulting to user installation because normal site-packages is not writeable
Requirement already satisfied: fastapi in /home/jules/.local/lib/python3.10/site-packages (from -r requirements.txt (line 1)) (0.115.12)
Requirement already satisfied: sqlalchemy in /home/jules/.local/lib/python3.10/site-packages (from -r requirements.txt (line 2)) (2.0.41)
Requirement already satisfied: pyodbc in /home/jules/.local/lib/python3.10/site-packages (from -r requirements.txt (line 4)) (5.2.0)
Requirement already satisfied: pydantic>=2.0.0 in /home/jules/.local/lib/python3.10/site-packages (from -r requirements.txt (line 5)) (2.11.5)
Requirement already satisfied: pydantic-settings in /home/jules/.local/lib/python3.10/site-packages (from -r requirements.txt (line 6)) (2.9.1)
Requirement already satisfied: requests in /usr/local/lib/python3.10/dist-packages (from -r requirements.txt (line 7)) (2.32.3)
Requirement already satisfied: pandas in /home/jules/.local/lib/python3.10/site-packages (from -r requirements.txt (line 8)) (2.3.0)
Requirement already satisfied: six in /usr/lib/python3/dist-packages (from -r requirements.txt (line 9)) (1.16.0)
Requirement already satisfied: urllib3<2.0.0,>=1.26.0 in /home/jules/.local/lib/python3.10/site-packages (from -r requirements.txt (line 10)) (1.26.20)
Requirement already satisfied: python-multipart in /home/jules/.local/lib/python3.10/site-packages (from -r requirements.txt (line 13)) (0.0.20)
Requirement already satisfied: uvicorn[standard] in /home/jules/.local/lib/python3.10/site-packages (from -r requirements.txt (line 3)) (0.34.3)
Requirement already satisfied: passlib[bcrypt] in /home/jules/.local/lib/python3.10/site-packages (from -r requirements.txt (line 11)) (1.7.4)
Requirement already satisfied: python-jose[cryptography] in /home/jules/.local/lib/python3.10/site-packages (from -r requirements.txt (line 12)) (3.5.0)
Requirement already satisfied: starlette<0.47.0,>=0.40.0 in /home/jules/.local/lib/python3.10/site-packages (from fastapi->-r requirements.txt (line 1)) (0.46.2)
Requirement already satisfied: typing-extensions>=4.8.0 in /usr/local/lib/python3.10/dist-packages (from fastapi->-r requirements.txt (line 1)) (4.13.2)
Requirement already satisfied: annotated-types>=0.6.0 in /home/jules/.local/lib/python3.10/site-packages (from pydantic>=2.0.0->-r requirements.txt (line 5)) (0.7.0)
Requirement already satisfied: pydantic-core==2.33.2 in /home/jules/.local/lib/python3.10/site-packages (from pydantic>=2.0.0->-r requirements.txt (line 5)) (2.33.2)
Requirement already satisfied: typing-inspection>=0.4.0 in /home/jules/.local/lib/python3.10/site-packages (from pydantic>=2.0.0->-r requirements.txt (line 5)) (0.4.1)
Requirement already satisfied: anyio<5,>=3.6.2 in /usr/local/lib/python3.10/dist-packages (from starlette<0.47.0,>=0.40.0->fastapi->-r requirements.txt (line 1)) (4.9.0)
Requirement already satisfied: exceptiongroup>=1.0.2 in /usr/local/lib/python3.10/dist-packages (from anyio<5,>=3.6.2->starlette<0.47.0,>=0.40.0->fastapi->-r requirements.txt (line 1)) (1.2.2)
Requirement already satisfied: idna>=2.8 in /usr/local/lib/python3.10/dist-packages (from anyio<5,>=3.6.2->starlette<0.47.0,>=0.40.0->fastapi->-r requirements.txt (line 1)) (3.10)
Requirement already satisfied: sniffio>=1.1 in /usr/local/lib/python3.10/dist-packages (from anyio<5,>=3.6.2->starlette<0.47.0,>=0.40.0->fastapi->-r requirements.txt (line 1)) (1.3.1)
Requirement already satisfied: greenlet>=1 in /home/jules/.local/lib/python3.10/site-packages (from sqlalchemy->-r requirements.txt (line 2)) (3.2.3)
Requirement already satisfied: click>=7.0 in /usr/local/lib/python3.10/dist-packages (from uvicorn[standard]->-r requirements.txt (line 3)) (8.1.8)
Requirement already satisfied: h11>=0.8 in /usr/local/lib/python3.10/dist-packages (from uvicorn[standard]->-r requirements.txt (line 3)) (0.16.0)
Requirement already satisfied: httptools>=0.6.3 in /home/jules/.local/lib/python3.10/site-packages (from uvicorn[standard]->-r requirements.txt (line 3)) (0.6.4)
Requirement already satisfied: python-dotenv>=0.13 in /home/jules/.local/lib/python3.10/site-packages (from uvicorn[standard]->-r requirements.txt (line 3)) (1.1.0)
Requirement already satisfied: pyyaml>=5.1 in /home/jules/.local/lib/python3.10/site-packages (from uvicorn[standard]->-r requirements.txt (line 3)) (6.0.2)
Requirement already satisfied: uvloop>=0.15.1 in /home/jules/.local/lib/python3.10/site-packages (from uvicorn[standard]->-r requirements.txt (line 3)) (0.21.0)
Requirement already satisfied: watchfiles>=0.13 in /home/jules/.local/lib/python3.10/site-packages (from uvicorn[standard]->-r requirements.txt (line 3)) (1.0.5)
Requirement already satisfied: websockets>=10.4 in /home/jules/.local/lib/python3.10/site-packages (from uvicorn[standard]->-r requirements.txt (line 3)) (15.0.1)
Requirement already satisfied: charset-normalizer<4,>=2 in /usr/local/lib/python3.10/dist-packages (from requests->-r requirements.txt (line 7)) (3.4.2)
Requirement already satisfied: certifi>=2017.4.17 in /usr/local/lib/python3.10/dist-packages (from requests->-r requirements.txt (line 7)) (2025.4.26)
Requirement already satisfied: numpy>=1.22.4 in /home/jules/.local/lib/python3.10/site-packages (from pandas->-r requirements.txt (line 8)) (2.2.6)
Requirement already satisfied: python-dateutil>=2.8.2 in /home/jules/.local/lib/python3.10/site-packages (from pandas->-r requirements.txt (line 8)) (2.9.0.post0)
Requirement already satisfied: pytz>=2020.1 in /home/jules/.local/lib/python3.10/site-packages (from pandas->-r requirements.txt (line 8)) (2025.2)
Requirement already satisfied: tzdata>=2022.7 in /home/jules/.local/lib/python3.10/site-packages (from pandas->-r requirements.txt (line 8)) (2025.2)
Requirement already satisfied: bcrypt>=3.1.0 in /home/jules/.local/lib/python3.10/site-packages (from passlib[bcrypt]->-r requirements.txt (line 11)) (4.3.0)
Requirement already satisfied: ecdsa!=0.15 in /home/jules/.local/lib/python3.10/site-packages (from python-jose[cryptography]->-r requirements.txt (line 12)) (0.19.1)
Requirement already satisfied: rsa!=4.1.1,!=4.4,<5.0,>=4.0 in /home/jules/.local/lib/python3.10/site-packages (from python-jose[cryptography]->-r requirements.txt (line 12)) (4.9.1)
Requirement already satisfied: pyasn1>=0.5.0 in /home/jules/.local/lib/python3.10/site-packages (from python-jose[cryptography]->-r requirements.txt (line 12)) (0.6.1)
Requirement already satisfied: cryptography>=3.4.0 in /usr/lib/python3/dist-packages (from python-jose[cryptography]->-r requirements.txt (line 12)) (41.0.7)
